android/app/build/intermediates/manifest_merge_blame_file/release/manifest-merger-blame-release-report.txt
1<?xml version="1.0" encoding="utf-8"?>
2<manifest xmlns:android="http://schemas.android.com/apk/res/android"
3    package="com.agorapoc"
4    android:versionCode="1"
5    android:versionName="1.0" >
6
7    <uses-sdk
8        android:minSdkVersion="21"
8-->src/main/AndroidManifest.xml
9        android:targetSdkVersion="29" />
9-->src/main/AndroidManifest.xml
10
11    <uses-permission android:name="android.permission.INTERNET" />
11-->src/main/AndroidManifest.xml:4:5-67
11-->src/main/AndroidManifest.xml:4:22-64
12    <uses-permission android:name="android.permission.WRITE_EXTERNAL_STORAGE" />
12-->[:agora-react-native-rtm] AndroidManifest.xml:10:5-81
12-->[:agora-react-native-rtm] AndroidManifest.xml:10:22-78
13    <uses-permission android:name="android.permission.READ_PHONE_STATE" />
13-->[:react-native-agora] AndroidManifest.xml:12:5-75
13-->[:react-native-agora] AndroidManifest.xml:12:22-72
14    <uses-permission android:name="android.permission.RECORD_AUDIO" />
14-->[:react-native-agora] AndroidManifest.xml:14:5-71
14-->[:react-native-agora] AndroidManifest.xml:14:22-68
15    <uses-permission android:name="android.permission.CAMERA" />
15-->[:react-native-agora] AndroidManifest.xml:15:5-65
15-->[:react-native-agora] AndroidManifest.xml:15:22-62
16    <uses-permission android:name="android.permission.MODIFY_AUDIO_SETTINGS" />
16-->[:react-native-agora] AndroidManifest.xml:16:5-80
16-->[:react-native-agora] AndroidManifest.xml:16:22-77
17    <uses-permission android:name="android.permission.ACCESS_NETWORK_STATE" />
17-->[:react-native-agora] AndroidManifest.xml:17:5-79
17-->[:react-native-agora] AndroidManifest.xml:17:22-76
18    <uses-permission android:name="android.permission.BLUETOOTH" />
18-->[:react-native-agora] AndroidManifest.xml:18:5-68
18-->[:react-native-agora] AndroidManifest.xml:18:22-65
19    <uses-permission android:name="android.permission.ACCESS_WIFI_STATE" />
19-->[:react-native-agora] AndroidManifest.xml:19:5-76
19-->[:react-native-agora] AndroidManifest.xml:19:22-73
20    <uses-permission android:name="android.permission.READ_EXTERNAL_STORAGE" />
20-->[:react-native-agora] AndroidManifest.xml:20:5-80
20-->[:react-native-agora] AndroidManifest.xml:20:22-77
21    <uses-permission android:name="android.permission.READ_PRIVILEGED_PHONE_STATE" />
21-->[:react-native-agora] AndroidManifest.xml:21:5-23:47
21-->[:react-native-agora] AndroidManifest.xml:22:9-70
22
23    <application
23-->src/main/AndroidManifest.xml:6:5-24:19
24        android:name="com.agorapoc.MainApplication"
24-->src/main/AndroidManifest.xml:7:7-38
25        android:allowBackup="false"
25-->src/main/AndroidManifest.xml:11:7-34
26        android:appComponentFactory="androidx.core.app.CoreComponentFactory"
26-->[androidx.core:core:1.1.0] AndroidManifest.xml:24:18-86
27        android:icon="@mipmap/ic_launcher"
27-->src/main/AndroidManifest.xml:9:7-41
28        android:label="@string/app_name"
28-->src/main/AndroidManifest.xml:8:7-39
29        android:roundIcon="@mipmap/ic_launcher_round"
29-->src/main/AndroidManifest.xml:10:7-52
30        android:theme="@style/AppTheme" >
30-->src/main/AndroidManifest.xml:12:7-38
31        <activity
31-->src/main/AndroidManifest.xml:13:7-23:18
32            android:name="com.agorapoc.MainActivity"
32-->src/main/AndroidManifest.xml:14:9-37
33            android:configChanges="keyboard|keyboardHidden|orientation|screenSize|uiMode"
33-->src/main/AndroidManifest.xml:16:9-86
34            android:label="@string/app_name"
34-->src/main/AndroidManifest.xml:15:9-41
35            android:launchMode="singleTask"
35-->src/main/AndroidManifest.xml:17:9-40
36            android:windowSoftInputMode="adjustResize" >
36-->src/main/AndroidManifest.xml:18:9-51
37            <intent-filter>
37-->src/main/AndroidManifest.xml:19:9-22:25
38                <action android:name="android.intent.action.MAIN" />
38-->src/main/AndroidManifest.xml:20:13-65
38-->src/main/AndroidManifest.xml:20:21-62
39
40                <category android:name="android.intent.category.LAUNCHER" />
40-->src/main/AndroidManifest.xml:21:13-73
40-->src/main/AndroidManifest.xml:21:23-70
41            </intent-filter>
42        </activity>
43
44        <provider
44-->[:react-native-webview] AndroidManifest.xml:12:9-20:20
45            android:name="com.reactnativecommunity.webview.RNCWebViewFileProvider"
45-->[:react-native-webview] AndroidManifest.xml:13:13-83
46            android:authorities="com.agorapoc.fileprovider"
46-->[:react-native-webview] AndroidManifest.xml:14:13-64
47            android:exported="false"
47-->[:react-native-webview] AndroidManifest.xml:15:13-37
48            android:grantUriPermissions="true" >
48-->[:react-native-webview] AndroidManifest.xml:16:13-47
49            <meta-data
49-->[:react-native-webview] AndroidManifest.xml:17:13-19:63
50                android:name="android.support.FILE_PROVIDER_PATHS"
50-->[:react-native-webview] AndroidManifest.xml:18:17-67
51                android:resource="@xml/file_provider_paths" />
51-->[:react-native-webview] AndroidManifest.xml:19:17-60
52        </provider>
53    </application>
54
55</manifest>